[2912月2024 00:08:52.021] [User Authenticator #4/INFO] [net.minecraft.server.network.ServerLoginPacketListenerImpl/]: UUID of player ice6458 is 25ce62e0-e70c-4723-9459-980405bcdb78
[2912月2024 00:08:54.262] [Server thread/INFO] [net.minecraft.server.players.PlayerList/]: ice6458[/125.195.123.83:49617] logged in with entity id 9425 at (223.0242756037893, 63.0, -207.18105572952743)
[2912月2024 00:08:54.323] [Server thread/INFO] [net.minecraft.server.MinecraftServer/]: ice6458 joined the game
[2912月2024 00:08:54.422] [Server thread/INFO] [Jade/]: Syncing config to ice6458 (25ce62e0-e70c-4723-9459-980405bcdb78)
[2912月2024 00:11:15.052] [Worker-Main-6/WARN] [net.minecraft.world.level.levelgen.heightproviders.UniformHeight/]: Empty height range: [-55 absolute--60 absolute]
[2912月2024 00:11:15.053] [Worker-Main-6/WARN] [net.minecraft.world.level.levelgen.heightproviders.UniformHeight/]: Empty height range: [-55 absolute--60 absolute]
[2912月2024 00:11:15.053] [Worker-Main-6/WARN] [net.minecraft.world.level.levelgen.heightproviders.UniformHeight/]: Empty height range: [-55 absolute--60 absolute]
[2912月2024 00:12:23.671] [Server thread/INFO] [net.minecraft.world.entity.npc.Villager/]: Villager Villager['Unemployed'/9759, l='ServerLevel[world]', x=-3619.44, y=67.00, z=-876.49] died, message: 'Unemployed was slain by Zombie'
[2912月2024 00:14:20.372] [Server thread/WARN] [net.minecraft.world.level.chunk.LevelChunk/]: Tried to load a block entity for block Block{cobblemon:pc}[facing=south,on=false,part=top,waterlogged=false] but failed at location BlockPos{x=-3855, y=67, z=-643}
[2912月2024 00:14:36.309] [Server thread/INFO] [com.selfdot.cobblemontrainers.libs.io.JsonFile/]: Saved trainers/timesLastBattled.json
[2912月2024 00:15:23.831] [Worker-Main-27/ERROR] [net.minecraft.world.entity.decoration.HangingEntity/]: Hanging entity at invalid position: BlockPos{x=92, y=-55, z=-40}
[2912月2024 00:15:23.832] [Worker-Main-27/ERROR] [net.minecraft.world.entity.decoration.HangingEntity/]: Hanging entity at invalid position: BlockPos{x=90, y=-55, z=-40}
[2912月2024 00:15:23.833] [Worker-Main-27/ERROR] [net.minecraft.world.entity.decoration.HangingEntity/]: Hanging entity at invalid position: BlockPos{x=94, y=-54, z=-40}
[2912月2024 00:15:23.833] [Worker-Main-27/ERROR] [net.minecraft.world.entity.decoration.HangingEntity/]: Hanging entity at invalid position: BlockPos{x=96, y=-55, z=-40}
[2912月2024 00:15:25.779] [Server thread/WARN] [net.minecraft.world.level.chunk.LevelChunk/]: Tried to load a block entity for block Block{cobblemon:pc}[facing=north,on=false,part=top,waterlogged=false] but failed at location BlockPos{x=-4221, y=65, z=-881}
[2912月2024 00:15:25.779] [Server thread/WARN] [net.minecraft.world.level.chunk.LevelChunk/]: Tried to load a block entity for block Block{cobblemon:pc}[facing=north,on=false,part=top,waterlogged=false] but failed at location BlockPos{x=-4223, y=65, z=-881}
[2912月2024 00:15:28.062] [Server thread/WARN] [net.minecraft.world.level.chunk.LevelChunk/]: Tried to load a block entity for block Block{cobblemon:pc}[facing=west,on=false,part=top,waterlogged=false] but failed at location BlockPos{x=-4234, y=65, z=-875}
[2912月2024 00:15:50.026] [Server thread/INFO] [net.minecraft.server.network.ServerGamePacketListenerImpl/]: ice6458 lost connection: Disconnected
[2912月2024 00:15:50.027] [Server thread/INFO] [net.minecraft.server.MinecraftServer/]: ice6458 left the game
[2912月2024 00:16:02.416] [Worker-Main-6/ERROR] [net.minecraft.world.entity.decoration.HangingEntity/]: Hanging entity at invalid position: BlockPos{x=124, y=-23, z=87}
[2912月2024 00:16:11.969] [Worker-Main-6/ERROR] [net.minecraft.world.entity.decoration.HangingEntity/]: Hanging entity at invalid position: BlockPos{x=114, y=-23, z=87}
[2912月2024 00:17:46.483] [Server thread/INFO] [com.cobblemon.mod.common.Cobblemon/]: No battle could be found with the id: 342d1039-bc20-4f6b-8d4a-21321b9311be
[2912月2024 00:17:46.484] [Server thread/INFO] [com.cobblemon.mod.common.Cobblemon/]: No battle could be found with the id: 342d1039-bc20-4f6b-8d4a-21321b9311be
[2912月2024 00:18:13.606] [Server thread/INFO] [net.minecraft.server.MinecraftServer/]: Saban0_misoni has made the advancement [Ice Bucket Challenge]
[2912月2024 00:18:19.200] [User Authenticator #5/INFO] [net.minecraft.server.network.ServerLoginPacketListenerImpl/]: UUID of player ice6458 is 25ce62e0-e70c-4723-9459-980405bcdb78
[2912月2024 00:18:21.385] [Server thread/INFO] [net.minecraft.server.players.PlayerList/]: ice6458[/125.195.123.83:49700] logged in with entity id 13586 at (199.10159337247467, 63.9375, -216.385353289097)
[2912月2024 00:18:21.408] [Server thread/INFO] [net.minecraft.server.MinecraftServer/]: ice6458 joined the game
[2912月2024 00:18:21.444] [Server thread/INFO] [Jade/]: Syncing config to ice6458 (25ce62e0-e70c-4723-9459-980405bcdb78)
[2912月2024 00:18:35.273] [Server thread/INFO] [net.minecraft.server.network.ServerGamePacketListenerImpl/]: ice6458 lost connection: Disconnected
[2912月2024 00:18:35.273] [Server thread/INFO] [net.minecraft.server.MinecraftServer/]: ice6458 left the game
[2912月2024 00:19:25.649] [Worker-Main-41/ERROR] [net.minecraft.world.entity.decoration.HangingEntity/]: Hanging entity at invalid position: BlockPos{x=124, y=-23, z=87}
[2912月2024 00:19:25.651] [Worker-Main-41/ERROR] [net.minecraft.world.entity.decoration.HangingEntity/]: Hanging entity at invalid position: BlockPos{x=216, y=-57, z=225}
[2912月2024 00:19:26.127] [Worker-Main-18/ERROR] [net.minecraft.world.entity.decoration.HangingEntity/]: Hanging entity at invalid position: BlockPos{x=215, y=-53, z=262}
[2912月2024 00:19:29.071] [Worker-Main-28/ERROR] [net.minecraft.world.entity.decoration.HangingEntity/]: Hanging entity at invalid position: BlockPos{x=114, y=-23, z=87}
[2912月2024 00:19:30.080] [Server thread/WARN] [net.minecraft.server.network.ServerGamePacketListenerImpl/]: Swellow (vehicle of Saban0_misoni) moved too quickly! -4.10092712158621,0.0,-9.413092968571618
[2912月2024 00:19:32.620] [Server thread/INFO] [net.minecraft.world.entity.npc.Villager/]: Villager Villager['Toolsmith'/12660, l='ServerLevel[world]', x=-4395.64, y=266.85, z=-1048.44] died, message: 'Toolsmith tried to swim in lava'
[2912月2024 00:19:35.615] [Worker-Main-6/ERROR] [net.minecraft.world.entity.decoration.HangingEntity/]: Hanging entity at invalid position: BlockPos{x=216, y=-57, z=225}
[2912月2024 00:19:35.616] [Worker-Main-6/ERROR] [net.minecraft.world.entity.decoration.HangingEntity/]: Hanging entity at invalid position: BlockPos{x=215, y=-53, z=262}
[2912月2024 00:19:42.573] [Worker-Main-18/ERROR] [net.minecraft.world.entity.decoration.HangingEntity/]: Hanging entity at invalid position: BlockPos{x=216, y=-57, z=225}
[2912月2024 00:19:49.089] [Server thread/WARN] [net.minecraft.server.MinecraftServer/]: Can't keep up! Is the server overloaded? Running 2784ms or 55 ticks behind
[2912月2024 00:19:49.563] [Server thread/WARN] [net.minecraft.world.level.chunk.LevelChunk/]: Tried to load a block entity for block Block{cobblemon:pc}[facing=north,on=false,part=top,waterlogged=false] but failed at location BlockPos{x=-4513, y=97, z=-1037}
[2912月2024 00:19:58.597] [Server thread/WARN] [net.minecraft.server.network.ServerGamePacketListenerImpl/]: Swellow (vehicle of Saban0_misoni) moved too quickly! -6.964756108353868,6.4679999999999325,-4.193643494063963
[2912月2024 00:19:58.597] [Server thread/WARN] [net.minecraft.server.network.ServerGamePacketListenerImpl/]: Swellow (vehicle of Saban0_misoni) moved too quickly! -7.292749437934617,6.4679999999999325,-4.391133904969138
[2912月2024 00:19:58.597] [Server thread/WARN] [net.minecraft.server.network.ServerGamePacketListenerImpl/]: Swellow (vehicle of Saban0_misoni) moved too quickly! -7.6207427764775275,6.4679999999999325,-4.588624310143814
[2912月2024 00:19:58.598] [Server thread/WARN] [net.minecraft.server.network.ServerGamePacketListenerImpl/]: Swellow (vehicle of Saban0_misoni) moved too quickly! -7.948736122727496,6.4679999999999325,-4.786114710390166
[2912月2024 00:19:58.598] [Server thread/WARN] [net.minecraft.server.network.ServerGamePacketListenerImpl/]: Swellow (vehicle of Saban0_misoni) moved too quickly! -8.276729475605862,6.4679999999999325,-4.9836051063985
[2912月2024 00:19:58.598] [Server thread/WARN] [net.minecraft.server.network.ServerGamePacketListenerImpl/]: Swellow (vehicle of Saban0_misoni) moved too quickly! -8.604722834184031,6.4679999999999325,-5.181095498761806
[2912月2024 00:20:30.881] [Server thread/WARN] [net.minecraft.world.level.chunk.LevelChunk/]: Tried to load a block entity for block Block{cobblemon:pc}[facing=south,on=false,part=top,waterlogged=false] but failed at location BlockPos{x=-4479, y=94, z=-1347}
[2912月2024 00:21:16.919] [Server thread/INFO] [com.selfdot.cobblemontrainers.libs.io.JsonFile/]: Saved trainers/timesLastBattled.json
[2912月2024 00:21:31.001] [User Authenticator #6/INFO] [net.minecraft.server.network.ServerLoginPacketListenerImpl/]: UUID of player ice6458 is 25ce62e0-e70c-4723-9459-980405bcdb78
[2912月2024 00:21:33.138] [Server thread/INFO] [net.minecraft.server.players.PlayerList/]: ice6458[/125.195.123.83:49748] logged in with entity id 16033 at (199.10159337247467, 63.9375, -216.385353289097)
[2912月2024 00:21:33.171] [Server thread/INFO] [net.minecraft.server.MinecraftServer/]: ice6458 joined the game
[2912月2024 00:21:33.306] [Server thread/INFO] [Jade/]: Syncing config to ice6458 (25ce62e0-e70c-4723-9459-980405bcdb78)
[2912月2024 00:21:46.907] [Server thread/INFO] [net.minecraft.server.network.ServerGamePacketListenerImpl/]: ice6458 lost connection: Disconnected
[2912月2024 00:21:46.910] [Server thread/INFO] [net.minecraft.server.MinecraftServer/]: ice6458 left the game
[2912月2024 00:22:08.112] [Worker-Main-41/ERROR] [net.minecraft.world.entity.decoration.HangingEntity/]: Hanging entity at invalid position: BlockPos{x=92, y=-55, z=-40}
[2912月2024 00:22:08.113] [Worker-Main-41/ERROR] [net.minecraft.world.entity.decoration.HangingEntity/]: Hanging entity at invalid position: BlockPos{x=90, y=-55, z=-40}
[2912月2024 00:22:08.113] [Worker-Main-41/ERROR] [net.minecraft.world.entity.decoration.HangingEntity/]: Hanging entity at invalid position: BlockPos{x=94, y=-54, z=-40}
[2912月2024 00:22:08.113] [Worker-Main-41/ERROR] [net.minecraft.world.entity.decoration.HangingEntity/]: Hanging entity at invalid position: BlockPos{x=96, y=-55, z=-40}
[2912月2024 00:22:08.415] [Server thread/WARN] [net.minecraft.world.level.chunk.LevelChunk/]: Tried to load a block entity for block Block{cobblemon:pc}[facing=north,on=false,part=top,waterlogged=false] but failed at location BlockPos{x=-4751, y=111, z=-1073}
[2912月2024 00:22:08.416] [Server thread/WARN] [net.minecraft.world.level.chunk.LevelChunk/]: Tried to load a block entity for block Block{cobblemon:pc}[facing=north,on=false,part=top,waterlogged=false] but failed at location BlockPos{x=-4749, y=111, z=-1073}
[2912月2024 00:22:10.415] [Server thread/WARN] [net.minecraft.world.level.chunk.LevelChunk/]: Tried to load a block entity for block Block{cobblemon:pc}[facing=west,on=false,part=top,waterlogged=false] but failed at location BlockPos{x=-4762, y=111, z=-1067}
[2912月2024 00:22:17.328] [Server thread/WARN] [net.minecraft.world.level.chunk.LevelChunk/]: Tried to load a block entity for block Block{cobblemon:pc}[facing=west,on=false,part=top,waterlogged=false] but failed at location BlockPos{x=-4829, y=93, z=-1055}
[2912月2024 00:22:31.980] [Server thread/WARN] [net.minecraft.server.network.ServerGamePacketListenerImpl/]: Swellow (vehicle of Saban0_misoni) moved too quickly! -8.160793102713797,0.0,5.8961368720867995
[2912月2024 00:22:31.980] [Server thread/WARN] [net.minecraft.server.network.ServerGamePacketListenerImpl/]: Swellow (vehicle of Saban0_misoni) moved too quickly! -8.471128107624281,0.0,6.120356203976371
[2912月2024 00:22:31.980] [Server thread/WARN] [net.minecraft.server.network.ServerGamePacketListenerImpl/]: Swellow (vehicle of Saban0_misoni) moved too quickly! -8.781463112883102,0.0,6.344575535681997
[2912月2024 00:22:31.981] [Server thread/WARN] [net.minecraft.server.network.ServerGamePacketListenerImpl/]: Swellow (vehicle of Saban0_misoni) moved too quickly! -9.091798118441147,0.0,6.5687948672293714
[2912月2024 00:22:31.982] [Server thread/WARN] [net.minecraft.server.network.ServerGamePacketListenerImpl/]: Swellow (vehicle of Saban0_misoni) moved too quickly! -9.40213312425658,0.0,6.793014198640776
[2912月2024 00:22:31.982] [Server thread/WARN] [net.minecraft.server.network.ServerGamePacketListenerImpl/]: Swellow (vehicle of Saban0_misoni) moved too quickly! -9.712468130294837,0.0,7.017233529935311
[2912月2024 00:22:31.982] [Server thread/WARN] [net.minecraft.server.network.ServerGamePacketListenerImpl/]: Swellow (vehicle of Saban0_misoni) moved too quickly! -10.02280313652227,0.0,7.2414528611288915
[2912月2024 00:22:31.982] [Server thread/WARN] [net.minecraft.server.network.ServerGamePacketListenerImpl/]: Swellow (vehicle of Saban0_misoni) moved too quickly! -10.333138142913413,0.0,7.465672192235843
[2912月2024 00:22:31.983] [Server thread/WARN] [net.minecraft.server.network.ServerGamePacketListenerImpl/]: Swellow (vehicle of Saban0_misoni) moved too quickly! -10.643473149445526,0.0,7.68989152326867
[2912月2024 00:22:31.983] [Server thread/WARN] [net.minecraft.server.network.ServerGamePacketListenerImpl/]: Swellow (vehicle of Saban0_misoni) moved too quickly! -10.953808156098603,0.0,7.914110854237379
[2912月2024 00:22:31.983] [Server thread/WARN] [net.minecraft.server.network.ServerGamePacketListenerImpl/]: Swellow (vehicle of Saban0_misoni) moved too quickly! -11.264143162855362,0.0,8.138330185151062
[2912月2024 00:22:31.984] [Server thread/WARN] [net.minecraft.server.network.ServerGamePacketListenerImpl/]: Swellow (vehicle of Saban0_misoni) moved too quickly! -11.57447816970216,0.0,8.362549516017225
[2912月2024 00:22:31.984] [Server thread/WARN] [net.minecraft.server.network.ServerGamePacketListenerImpl/]: Swellow (vehicle of Saban0_misoni) moved too quickly! -11.884813176626267,0.0,8.586768846842688
[2912月2024 00:22:31.984] [Server thread/WARN] [net.minecraft.server.network.ServerGamePacketListenerImpl/]: Swellow (vehicle of Saban0_misoni) moved too quickly! -12.195148183616766,0.0,8.810988177633362
[2912月2024 00:22:31.984] [Server thread/WARN] [net.minecraft.server.network.ServerGamePacketListenerImpl/]: Swellow (vehicle of Saban0_misoni) moved too quickly! -12.505483190663654,0.0,9.035207508394024
[2912月2024 00:22:31.985] [Server thread/WARN] [net.minecraft.server.network.ServerGamePacketListenerImpl/]: Swellow (vehicle of Saban0_misoni) moved too quickly! -12.815818197760564,0.0,9.259426839128537
[2912月2024 00:22:31.985] [Server thread/WARN] [net.minecraft.server.network.ServerGamePacketListenerImpl/]: Swellow (vehicle of Saban0_misoni) moved too quickly! -13.12615320489931,0.0,9.483646169840767
[2912月2024 00:22:31.985] [Server thread/WARN] [net.minecraft.server.network.ServerGamePacketListenerImpl/]: Swellow (vehicle of Saban0_misoni) moved too quickly! -13.436488212073527,0.0,9.707865500533899
[2912月2024 00:22:31.985] [Server thread/WARN] [net.minecraft.server.network.ServerGamePacketListenerImpl/]: Swellow (vehicle of Saban0_misoni) moved too quickly! -13.746823219279577,0.0,9.932084831210432
[2912月2024 00:22:31.986] [Server thread/WARN] [net.minecraft.server.network.ServerGamePacketListenerImpl/]: Swellow (vehicle of Saban0_misoni) moved too quickly! -14.057158226512001,0.0,10.156304161872868
[2912月2024 00:22:31.986] [Server thread/WARN] [net.minecraft.server.network.ServerGamePacketListenerImpl/]: Swellow (vehicle of Saban0_misoni) moved too quickly! -14.367493233767163,0.0,10.380523492523253
[2912月2024 00:22:31.986] [Server thread/WARN] [net.minecraft.server.network.ServerGamePacketListenerImpl/]: Swellow (vehicle of Saban0_misoni) moved too quickly! -14.677828241042334,0.0,10.604742823163178
[2912月2024 00:22:31.987] [Server thread/WARN] [net.minecraft.server.network.ServerGamePacketListenerImpl/]: Swellow (vehicle of Saban0_misoni) moved too quickly! -14.988163248334786,0.0,10.82896215379401
[2912月2024 00:22:31.987] [Server thread/WARN] [net.minecraft.server.network.ServerGamePacketListenerImpl/]: Swellow (vehicle of Saban0_misoni) moved too quickly! -15.298498255642698,0.0,11.05318148441711
[2912月2024 00:22:31.987] [Server thread/WARN] [net.minecraft.server.network.ServerGamePacketListenerImpl/]: Swellow (vehicle of Saban0_misoni) moved too quickly! -15.608833262962435,0.0,11.277400815033388
[2912月2024 00:22:32.004] [Server thread/WARN] [net.minecraft.server.network.ServerGamePacketListenerImpl/]: Swellow (vehicle of Saban0_misoni) moved too quickly! -15.919168270293085,0.0,11.50162014564421
[2912月2024 00:22:32.005] [Server thread/WARN] [net.minecraft.server.network.ServerGamePacketListenerImpl/]: Swellow (vehicle of Saban0_misoni) moved too quickly! -16.22950327763192,0.0,11.72583947625003
[2912月2024 00:22:32.009] [Server thread/WARN] [net.minecraft.server.MinecraftServer/]: Can't keep up! Is the server overloaded? Running 2603ms or 52 ticks behind
[2912月2024 00:22:51.124] [Server thread/INFO] [com.selfdot.cobblemontrainers.libs.io.JsonFile/]: Saved trainers/trainerWins.json
[2912月2024 00:23:06.190] [Server thread/WARN] [net.minecraft.server.level.ServerPlayerGameMode/]: Mismatch in destroy block pos: BlockPos{x=308, y=65, z=-181} BlockPos{x=309, y=64, z=-179}
[2912月2024 00:23:07.870] [Worker-Main-3/WARN] [net.minecraft.world.level.levelgen.structure.pools.JigsawPlacement/]: Empty or non-existent pool: minecraft:village/jungle/villagers
[2912月2024 00:24:08.522] [Server thread/INFO] [net.minecraft.server.MinecraftServer/]: Saban0_misoni has made the advancement [Ka-chink! 2]
[2912月2024 00:24:46.450] [User Authenticator #7/INFO] [net.minecraft.server.network.ServerLoginPacketListenerImpl/]: UUID of player ice6458 is 25ce62e0-e70c-4723-9459-980405bcdb78
[2912月2024 00:24:48.633] [Server thread/INFO] [net.minecraft.server.players.PlayerList/]: ice6458[/125.195.123.83:49797] logged in with entity id 17979 at (199.10159337247467, 63.9375, -216.385353289097)
[2912月2024 00:24:48.657] [Server thread/INFO] [net.minecraft.server.MinecraftServer/]: ice6458 joined the game
[2912月2024 00:24:48.711] [Server thread/INFO] [Jade/]: Syncing config to ice6458 (25ce62e0-e70c-4723-9459-980405bcdb78)
[2912月2024 00:24:54.273] [Server thread/INFO] [net.minecraft.server.MinecraftServer/]: Saban0_misoni has made the advancement [Who is Cutting Onions?]
[2912月2024 00:28:55.526] [Server thread/INFO] [net.minecraft.server.MinecraftServer/]: ice6458 has made the advancement [A Seedy Place]
[2912月2024 00:30:17.714] [Server thread/WARN] [net.minecraft.world.level.chunk.LevelChunk/]: Tried to load a block entity for block Block{cobblemon:pc}[facing=west,on=false,part=top,waterlogged=false] but failed at location BlockPos{x=-5357, y=65, z=-1410}
[2912月2024 00:30:42.662] [Worker-Main-18/ERROR] [net.minecraft.world.entity.decoration.HangingEntity/]: Hanging entity at invalid position: BlockPos{x=96, y=-55, z=-40}
[2912月2024 00:30:47.525] [Worker-Main-4/ERROR] [net.minecraft.world.entity.decoration.HangingEntity/]: Hanging entity at invalid position: BlockPos{x=92, y=-55, z=-40}
[2912月2024 00:30:47.526] [Worker-Main-4/ERROR] [net.minecraft.world.entity.decoration.HangingEntity/]: Hanging entity at invalid position: BlockPos{x=90, y=-55, z=-40}
[2912月2024 00:30:47.526] [Worker-Main-4/ERROR] [net.minecraft.world.entity.decoration.HangingEntity/]: Hanging entity at invalid position: BlockPos{x=94, y=-54, z=-40}
[2912月2024 00:30:48.520] [Server thread/WARN] [net.minecraft.world.level.chunk.LevelChunk/]: Tried to load a block entity for block Block{cobblemon:pc}[facing=south,on=false,part=top,waterlogged=false] but failed at location BlockPos{x=-5235, y=65, z=-1519}
[2912月2024 00:30:48.523] [Server thread/WARN] [net.minecraft.world.level.chunk.LevelChunk/]: Tried to load a block entity for block Block{cobblemon:pc}[facing=south,on=false,part=top,waterlogged=false] but failed at location BlockPos{x=-5233, y=65, z=-1519}
[2912月2024 00:30:52.813] [Server thread/WARN] [net.minecraft.world.level.chunk.LevelChunk/]: Tried to load a block entity for block Block{cobblemon:pc}[facing=east,on=false,part=top,waterlogged=false] but failed at location BlockPos{x=-5222, y=65, z=-1525}
[2912月2024 00:32:09.701] [Worker-Main-41/WARN] [net.minecraft.world.level.levelgen.structure.pools.JigsawPlacement/]: Empty or non-existent pool: minecraft:village/jungle/villagers
[2912月2024 00:32:55.618] [Worker-Main-4/WARN] [net.minecraft.world.level.levelgen.structure.pools.JigsawPlacement/]: Empty or non-existent pool: minecraft:ruins/forest_ruins_gate
[2912月2024 00:32:55.626] [Worker-Main-4/WARN] [net.minecraft.world.level.levelgen.structure.pools.JigsawPlacement/]: Empty or non-existent pool: minecraft:ruins/forest_ruins_gate
[2912月2024 00:32:55.629] [Worker-Main-4/WARN] [net.minecraft.world.level.levelgen.structure.pools.JigsawPlacement/]: Empty or non-existent pool: minecraft:ruins/forest_ruins_gate
[2912月2024 00:33:11.127] [Server thread/WARN] [net.minecraft.world.level.chunk.LevelChunk/]: Tried to load a block entity for block Block{cobblemon:pc}[facing=east,on=false,part=top,waterlogged=false] but failed at location BlockPos{x=-5587, y=65, z=-961}
[2912月2024 00:33:26.866] [Server thread/WARN] [net.minecraft.world.level.chunk.LevelChunk/]: Tried to load a block entity for block Block{cobblemon:pc}[facing=north,on=false,part=top,waterlogged=false] but failed at location BlockPos{x=-5841, y=71, z=-1309}
[2912月2024 00:34:27.918] [Server thread/INFO] [net.minecraft.world.entity.npc.Villager/]: Villager Villager['Toolsmith'/23485, l='ServerLevel[world]', x=-5586.58, y=236.61, z=-1129.54] died, message: 'Toolsmith tried to swim in lava'
[2912月2024 00:37:20.120] [Server thread/INFO] [net.minecraft.server.MinecraftServer/]: ice6458 was slain by Pidgeot
[2912月2024 00:38:19.114] [Server thread/WARN] [net.minecraft.world.level.chunk.LevelChunk/]: Tried to load a block entity for block Block{cobblemon:pc}[facing=north,on=false,part=top,waterlogged=false] but failed at location BlockPos{x=-6177, y=83, z=-957}
[2912月2024 00:39:33.831] [Server thread/WARN] [net.minecraft.server.network.ServerGamePacketListenerImpl/]: Swellow (vehicle of Saban0_misoni) moved too quickly! -6.62536006820028,0.0,7.7556106094107236
[2912月2024 00:39:33.832] [Server thread/WARN] [net.minecraft.server.network.ServerGamePacketListenerImpl/]: Swellow (vehicle of Saban0_misoni) moved too quickly! -6.811979777575289,0.0,7.929573468204353
[2912月2024 00:39:33.832] [Server thread/WARN] [net.minecraft.server.network.ServerGamePacketListenerImpl/]: Swellow (vehicle of Saban0_misoni) moved too quickly! -6.99871134899422,0.0,8.103439057699006
[2912月2024 00:39:33.833] [Server thread/WARN] [net.minecraft.server.network.ServerGamePacketListenerImpl/]: Swellow (vehicle of Saban0_misoni) moved too quickly! -7.185539121771399,0.0,8.277220995596622
[2912月2024 00:39:33.834] [Server thread/WARN] [net.minecraft.server.network.ServerGamePacketListenerImpl/]: Swellow (vehicle of Saban0_misoni) moved too quickly! -7.372449627716378,0.0,8.450930993120778
[2912月2024 00:39:33.834] [Server thread/WARN] [net.minecraft.server.network.ServerGamePacketListenerImpl/]: Swellow (vehicle of Saban0_misoni) moved too quickly! -7.559431284185848,0.0,8.624579121923716
[2912月2024 00:39:33.834] [Server thread/WARN] [net.minecraft.server.network.ServerGamePacketListenerImpl/]: Swellow (vehicle of Saban0_misoni) moved too quickly! -7.746474130106435,0.0,8.798174043626432
[2912月2024 00:39:33.835] [Server thread/WARN] [net.minecraft.server.network.ServerGamePacketListenerImpl/]: Swellow (vehicle of Saban0_misoni) moved too quickly! -7.933569598955728,0.0,8.971723207223022
[2912月2024 00:39:33.835] [Server thread/WARN] [net.minecraft.server.network.ServerGamePacketListenerImpl/]: Swellow (vehicle of Saban0_misoni) moved too quickly! -8.120710323522871,0.0,9.14523301884833
[2912月2024 00:39:33.835] [Server thread/WARN] [net.minecraft.server.network.ServerGamePacketListenerImpl/]: Swellow (vehicle of Saban0_misoni) moved too quickly! -8.307889968006748,0.0,9.318708987778223
[2912月2024 00:39:33.836] [Server thread/WARN] [net.minecraft.server.network.ServerGamePacketListenerImpl/]: Swellow (vehicle of Saban0_misoni) moved too quickly! -8.495103083619142,0.0,9.492155851990105
[2912月2024 00:39:33.836] [Server thread/WARN] [net.minecraft.server.network.ServerGamePacketListenerImpl/]: Swellow (vehicle of Saban0_misoni) moved too quickly! -8.682344984403244,0.0,9.665577686144502
[2912月2024 00:39:33.837] [Server thread/WARN] [net.minecraft.server.network.ServerGamePacketListenerImpl/]: Swellow (vehicle of Saban0_misoni) moved too quickly! -8.869611640433504,0.0,9.838977994449465
[2912月2024 00:39:33.837] [Server thread/WARN] [net.minecraft.server.network.ServerGamePacketListenerImpl/]: Swellow (vehicle of Saban0_misoni) moved too quickly! -9.05689958597759,0.0,10.012359790523988
[2912月2024 00:39:33.838] [Server thread/WARN] [net.minecraft.server.network.ServerGamePacketListenerImpl/]: Swellow (vehicle of Saban0_misoni) moved too quickly! -9.244205840501309,0.0,10.185725666080202
[2912月2024 00:39:33.838] [Server thread/WARN] [net.minecraft.server.network.ServerGamePacketListenerImpl/]: Swellow (vehicle of Saban0_misoni) moved too quickly! -9.431527840748458,0.0,10.35907784999074
[2912月2024 00:39:33.838] [Server thread/WARN] [net.minecraft.server.network.ServerGamePacketListenerImpl/]: Swellow (vehicle of Saban0_misoni) moved too quickly! -9.618863382318523,0.0,10.532418259086057
[2912月2024 00:39:33.839] [Server thread/WARN] [net.minecraft.server.network.ServerGamePacketListenerImpl/]: Swellow (vehicle of Saban0_misoni) moved too quickly! -9.806210569425275,0.0,10.705748541840194
[2912月2024 00:39:33.840] [Server thread/WARN] [net.minecraft.server.network.ServerGamePacketListenerImpl/]: Swellow (vehicle of Saban0_misoni) moved too quickly! -9.993567771693051,0.0,10.879070115940863
[2912月2024 00:39:33.840] [Server thread/WARN] [net.minecraft.server.network.ServerGamePacketListenerImpl/]: Swellow (vehicle of Saban0_misoni) moved too quickly! -10.180933587000254,0.0,11.052384200599704
[2912月2024 00:39:33.840] [Server thread/WARN] [net.minecraft.server.network.ServerGamePacketListenerImpl/]: Swellow (vehicle of Saban0_misoni) moved too quickly! -10.368306809521528,0.0,11.225691844338371
[2912月2024 00:39:33.845] [Server thread/WARN] [net.minecraft.server.MinecraftServer/]: Can't keep up! Is the server overloaded? Running 3039ms or 60 ticks behind
[2912月2024 00:41:34.224] [Worker-Main-41/WARN] [net.minecraft.world.level.levelgen.structure.pools.JigsawPlacement/]: Empty or non-existent pool: minecraft:ruins/forest_ruins_gate
[2912月2024 00:41:34.238] [Worker-Main-41/WARN] [net.minecraft.world.level.levelgen.structure.pools.JigsawPlacement/]: Empty or non-existent pool: minecraft:ruins/forest_ruins_gate
[2912月2024 00:41:34.246] [Worker-Main-41/WARN] [net.minecraft.world.level.levelgen.structure.pools.JigsawPlacement/]: Empty or non-existent pool: minecraft:ruins/forest_ruins_gate
[2912月2024 00:42:27.773] [Server thread/WARN] [net.minecraft.world.level.chunk.LevelChunk/]: Tried to load a block entity for block Block{cobblemon:pc}[facing=west,on=false,part=top,waterlogged=false] but failed at location BlockPos{x=-7309, y=64, z=-1007}
[2912月2024 00:42:57.355] [Worker-Main-41/WARN] [net.minecraft.world.level.levelgen.structure.pools.JigsawPlacement/]: Empty or non-existent pool: minecraft:ruins/forest_ruins_gate
[2912月2024 00:42:57.367] [Worker-Main-41/WARN] [net.minecraft.world.level.levelgen.structure.pools.JigsawPlacement/]: Empty or non-existent pool: minecraft:ruins/forest_ruins_gate
[2912月2024 00:42:57.385] [Worker-Main-41/WARN] [net.minecraft.world.level.levelgen.structure.pools.JigsawPlacement/]: Empty or non-existent pool: minecraft:ruins/forest_ruins_gate
[2912月2024 00:43:08.062] [Worker-Main-18/WARN] [net.minecraft.world.level.levelgen.structure.pools.JigsawPlacement/]: Empty or non-existent pool: minecraft:ruins/forest_ruins_gate
[2912月2024 00:43:08.081] [Worker-Main-18/WARN] [net.minecraft.world.level.levelgen.structure.pools.JigsawPlacement/]: Empty or non-existent pool: minecraft:ruins/forest_ruins_gate
[2912月2024 00:43:08.081] [Worker-Main-18/WARN] [net.minecraft.world.level.levelgen.structure.pools.JigsawPlacement/]: Empty or non-existent pool: minecraft:ruins/forest_ruins_gate
[2912月2024 00:43:40.138] [Server thread/INFO] [net.minecraft.server.MinecraftServer/]: Harere_ has made the advancement [Minty Fresh]
[2912月2024 00:45:01.277] [Server thread/INFO] [net.minecraft.server.MinecraftServer/]: Saban0_misoni was slain by Honchkrow
[2912月2024 00:45:01.281] [Server thread/INFO] [com.tiviacz.travelersbackpack.TravelersBackpack/]: Created new backpack backup file for Saban0_misoni with unique ID travelersbackpack.standard_29.12.2024-00.45.01.dat
[2912月2024 00:45:22.093] [Server thread/INFO] [net.minecraft.server.MinecraftServer/]: Harere_ was doomed to fall by Skeleton
[2912月2024 00:45:22.096] [Server thread/INFO] [com.tiviacz.travelersbackpack.TravelersBackpack/]: Created new backpack backup file for Harere_ with unique ID travelersbackpack.standard_29.12.2024-00.45.22.dat
[2912月2024 00:45:34.920] [Server thread/INFO] [com.selfdot.cobblemontrainers.libs.io.JsonFile/]: Saved trainers/timesLastBattled.json
[2912月2024 00:46:38.998] [Server thread/INFO] [net.minecraft.server.MinecraftServer/]: [Saban0_misoni: Set the time to 1000]
[2912月2024 00:47:24.942] [Server thread/INFO] [com.selfdot.cobblemontrainers.libs.io.JsonFile/]: Saved trainers/trainerWins.json
[2912月2024 00:50:21.923] [Server thread/WARN] [net.minecraft.world.level.chunk.LevelChunk/]: Tried to load a block entity for block Block{cobblemon:pc}[facing=north,on=false,part=top,waterlogged=false] but failed at location BlockPos{x=-225, y=109, z=499}
[2912月2024 00:50:50.229] [Server thread/INFO] [com.selfdot.cobblemontrainers.libs.io.JsonFile/]: Saved trainers/timesLastBattled.json
[2912月2024 00:52:43.185] [Server thread/INFO] [com.selfdot.cobblemontrainers.libs.io.JsonFile/]: Saved trainers/trainerWins.json
[2912月2024 00:52:48.537] [Worker-Main-6/ERROR] [net.minecraft.world.entity.decoration.HangingEntity/]: Hanging entity at invalid position: BlockPos{x=124, y=-23, z=87}
[2912月2024 00:52:48.537] [Worker-Main-6/ERROR] [net.minecraft.world.entity.decoration.HangingEntity/]: Hanging entity at invalid position: BlockPos{x=114, y=-23, z=87}
[2912月2024 00:52:50.655] [Worker-Main-41/ERROR] [net.minecraft.world.entity.decoration.HangingEntity/]: Hanging entity at invalid position: BlockPos{x=114, y=-23, z=87}
[2912月2024 00:52:53.348] [Worker-Main-41/ERROR] [net.minecraft.world.entity.decoration.HangingEntity/]: Hanging entity at invalid position: BlockPos{x=124, y=-23, z=87}
[2912月2024 00:53:19.234] [Worker-Main-4/ERROR] [net.minecraft.world.entity.decoration.HangingEntity/]: Hanging entity at invalid position: BlockPos{x=96, y=-55, z=-40}
[2912月2024 00:53:19.345] [Worker-Main-4/ERROR] [net.minecraft.world.entity.decoration.HangingEntity/]: Hanging entity at invalid position: BlockPos{x=92, y=-55, z=-40}
[2912月2024 00:53:19.345] [Worker-Main-4/ERROR] [net.minecraft.world.entity.decoration.HangingEntity/]: Hanging entity at invalid position: BlockPos{x=90, y=-55, z=-40}
[2912月2024 00:53:19.345] [Worker-Main-4/ERROR] [net.minecraft.world.entity.decoration.HangingEntity/]: Hanging entity at invalid position: BlockPos{x=94, y=-54, z=-40}
[2912月2024 00:53:43.520] [Server thread/WARN] [net.minecraft.world.level.chunk.LevelChunk/]: Tried to load a block entity for block Block{cobblemon:pc}[facing=east,on=false,part=top,waterlogged=false] but failed at location BlockPos{x=-627, y=102, z=511}
[2912月2024 00:55:09.570] [Server thread/WARN] [net.minecraft.server.MinecraftServer/]: Can't keep up! Is the server overloaded? Running 2615ms or 52 ticks behind
[2912月2024 00:59:01.777] [Server thread/INFO] [com.cobblemon.mod.common.Cobblemon/]: No battle could be found with the id: 5fd9e4cf-71d9-473b-9da4-14ade470362b
[2912月2024 00:59:01.777] [Server thread/INFO] [com.cobblemon.mod.common.Cobblemon/]: No battle could be found with the id: 5fd9e4cf-71d9-473b-9da4-14ade470362b
[2912月2024 00:59:40.014] [Server thread/WARN] [net.minecraft.world.level.chunk.LevelChunk/]: Tried to load a block entity for block Block{cobblemon:pc}[facing=east,on=false,part=top,waterlogged=false] but failed at location BlockPos{x=-7878, y=72, z=-741}
[2912月2024 00:59:44.580] [Server thread/WARN] [net.minecraft.world.level.chunk.LevelChunk/]: Tried to load a block entity for block Block{cobblemon:pc}[facing=south,on=false,part=top,waterlogged=false] but failed at location BlockPos{x=-7891, y=72, z=-735}
[2912月2024 00:59:44.580] [Server thread/WARN] [net.minecraft.world.level.chunk.LevelChunk/]: Tried to load a block entity for block Block{cobblemon:pc}[facing=south,on=false,part=top,waterlogged=false] but failed at location BlockPos{x=-7889, y=72, z=-735}
[2912月2024 00:59:57.716] [Server thread/WARN] [net.minecraft.world.level.chunk.LevelChunk/]: Tried to load a block entity for block Block{cobblemon:pc}[facing=north,on=false,part=top,waterlogged=false] but failed at location BlockPos{x=-7969, y=67, z=-1005}
[2912月2024 01:00:24.063] [Worker-Main-6/WARN] [net.minecraft.world.level.levelgen.structure.pools.JigsawPlacement/]: Empty or non-existent pool: minecraft:ruins/forest_ruins_gate
[2912月2024 01:00:24.087] [Worker-Main-6/WARN] [net.minecraft.world.level.levelgen.structure.pools.JigsawPlacement/]: Empty or non-existent pool: minecraft:ruins/forest_ruins_gate
[2912月2024 01:00:24.093] [Worker-Main-6/WARN] [net.minecraft.world.level.levelgen.structure.pools.JigsawPlacement/]: Empty or non-existent pool: minecraft:ruins/forest_ruins_gate
[2912月2024 01:01:29.281] [Server thread/INFO] [net.minecraft.server.MinecraftServer/]: [Saban0_misoni: Set the time to 1000]
[2912月2024 01:01:33.215] [Worker-Main-3/ERROR] [net.minecraft.world.entity.decoration.HangingEntity/]: Hanging entity at invalid position: BlockPos{x=96, y=-55, z=-40}
[2912月2024 01:01:55.018] [Server thread/WARN] [net.minecraft.world.level.chunk.LevelChunk/]: Tried to load a block entity for block Block{cobblemon:pc}[facing=south,on=false,part=top,waterlogged=false] but failed at location BlockPos{x=-8431, y=64, z=-1027}
[2912月2024 01:02:37.865] [Worker-Main-3/ERROR] [net.minecraft.world.entity.decoration.HangingEntity/]: Hanging entity at invalid position: BlockPos{x=96, y=-55, z=-40}
[2912月2024 01:02:43.179] [Worker-Main-6/ERROR] [net.minecraft.world.entity.decoration.HangingEntity/]: Hanging entity at invalid position: BlockPos{x=92, y=-55, z=-40}
[2912月2024 01:02:43.179] [Worker-Main-6/ERROR] [net.minecraft.world.entity.decoration.HangingEntity/]: Hanging entity at invalid position: BlockPos{x=90, y=-55, z=-40}
[2912月2024 01:02:43.179] [Worker-Main-6/ERROR] [net.minecraft.world.entity.decoration.HangingEntity/]: Hanging entity at invalid position: BlockPos{x=94, y=-54, z=-40}
[2912月2024 01:02:43.868] [Server thread/WARN] [net.minecraft.world.level.chunk.LevelChunk/]: Tried to load a block entity for block Block{cobblemon:pc}[facing=east,on=false,part=top,waterlogged=false] but failed at location BlockPos{x=-8543, y=70, z=-959}
[2912月2024 01:02:43.868] [Server thread/WARN] [net.minecraft.world.level.chunk.LevelChunk/]: Tried to load a block entity for block Block{cobblemon:pc}[facing=east,on=false,part=top,waterlogged=false] but failed at location BlockPos{x=-8543, y=70, z=-957}
[2912月2024 01:02:44.520] [Server thread/WARN] [net.minecraft.world.level.chunk.LevelChunk/]: Tried to load a block entity for block Block{cobblemon:pc}[facing=south,on=false,part=top,waterlogged=false] but failed at location BlockPos{x=-8335, y=64, z=-1283}
[2912月2024 01:02:49.682] [Server thread/WARN] [net.minecraft.world.level.chunk.LevelChunk/]: Tried to load a block entity for block Block{cobblemon:pc}[facing=north,on=false,part=top,waterlogged=false] but failed at location BlockPos{x=-8549, y=70, z=-970}
[2912月2024 01:03:03.743] [Server thread/WARN] [net.minecraft.server.network.ServerGamePacketListenerImpl/]: Swellow (vehicle of Saban0_misoni) moved too quickly! -8.090214029223716,6.4679999999999325,0.956903044342198
[2912月2024 01:03:03.745] [Server thread/WARN] [net.minecraft.server.network.ServerGamePacketListenerImpl/]: Swellow (vehicle of Saban0_misoni) moved too quickly! -8.47068493145889,6.761999999999929,0.9986488705878855
[2912月2024 01:03:03.745] [Server thread/WARN] [net.minecraft.server.network.ServerGamePacketListenerImpl/]: Swellow (vehicle of Saban0_misoni) moved too quickly! -8.851401415578948,7.055999999999926,1.037637039334868
[2912月2024 01:03:03.746] [Server thread/WARN] [net.minecraft.server.network.ServerGamePacketListenerImpl/]: Swellow (vehicle of Saban0_misoni) moved too quickly! -9.232329100121206,7.349999999999923,1.0742536226327957
[2912月2024 01:03:08.081] [Server thread/WARN] [net.minecraft.server.network.ServerGamePacketListenerImpl/]: Swellow (vehicle of Saban0_misoni) moved too quickly! -8.679483755429828,0.0,-5.131985136757521
[2912月2024 01:03:14.575] [Worker-Main-3/ERROR] [net.minecraft.world.entity.decoration.HangingEntity/]: Hanging entity at invalid position: BlockPos{x=96, y=-55, z=-40}
[2912月2024 01:03:14.669] [Worker-Main-27/ERROR] [net.minecraft.world.entity.decoration.HangingEntity/]: Hanging entity at invalid position: BlockPos{x=92, y=-55, z=-40}
[2912月2024 01:03:14.669] [Worker-Main-27/ERROR] [net.minecraft.world.entity.decoration.HangingEntity/]: Hanging entity at invalid position: BlockPos{x=90, y=-55, z=-40}
[2912月2024 01:03:14.669] [Worker-Main-27/ERROR] [net.minecraft.world.entity.decoration.HangingEntity/]: Hanging entity at invalid position: BlockPos{x=94, y=-54, z=-40}
[2912月2024 01:03:17.610] [Server thread/WARN] [net.minecraft.world.level.chunk.LevelChunk/]: Tried to load a block entity for block Block{cobblemon:pc}[facing=east,on=false,part=top,waterlogged=false] but failed at location BlockPos{x=-8367, y=65, z=-1311}
[2912月2024 01:03:17.611] [Server thread/WARN] [net.minecraft.world.level.chunk.LevelChunk/]: Tried to load a block entity for block Block{cobblemon:pc}[facing=east,on=false,part=top,waterlogged=false] but failed at location BlockPos{x=-8367, y=65, z=-1309}
[2912月2024 01:03:18.283] [Server thread/WARN] [net.minecraft.world.level.chunk.LevelChunk/]: Tried to load a block entity for block Block{cobblemon:pc}[facing=north,on=false,part=top,waterlogged=false] but failed at location BlockPos{x=-8373, y=65, z=-1322}
[2912月2024 01:03:21.956] [Server thread/WARN] [net.minecraft.server.network.ServerGamePacketListenerImpl/]: Swellow (vehicle of Saban0_misoni) moved too quickly! -3.845976260607131,-7.64399999999992,-5.632565604545789
[2912月2024 01:03:21.957] [Server thread/WARN] [net.minecraft.server.network.ServerGamePacketListenerImpl/]: Swellow (vehicle of Saban0_misoni) moved too quickly! -4.001437822829757,-7.937999999999917,-5.83891315159326
[2912月2024 01:03:21.957] [Server thread/WARN] [net.minecraft.server.network.ServerGamePacketListenerImpl/]: Swellow (vehicle of Saban0_misoni) moved too quickly! -4.1431509477752115,-8.231999999999914,-6.0518791347365095
[2912月2024 01:03:21.958] [Server thread/WARN] [net.minecraft.server.network.ServerGamePacketListenerImpl/]: Swellow (vehicle of Saban0_misoni) moved too quickly! -4.271877453065827,-8.525999999999911,-6.270842932948426
[2912月2024 01:03:40.836] [Server thread/WARN] [net.minecraft.server.network.ServerGamePacketListenerImpl/]: Swellow (vehicle of Saban0_misoni) moved too quickly! -2.4491747922038485,-6.4679999999999325,7.522473776371044
[2912月2024 01:03:40.837] [Server thread/WARN] [net.minecraft.server.network.ServerGamePacketListenerImpl/]: Swellow (vehicle of Saban0_misoni) moved too quickly! -2.608508673727556,-6.761999999999929,7.855915269521347
[2912月2024 01:03:40.837] [Server thread/WARN] [net.minecraft.server.network.ServerGamePacketListenerImpl/]: Swellow (vehicle of Saban0_misoni) moved too quickly! -2.778373559598549,-7.055999999999926,8.1864145696577
[2912月2024 01:03:40.839] [Server thread/WARN] [net.minecraft.server.network.ServerGamePacketListenerImpl/]: Swellow (vehicle of Saban0_misoni) moved too quickly! -2.957295109206825,-7.349999999999923,8.514383583801646
[2912月2024 01:03:40.840] [Server thread/WARN] [net.minecraft.server.network.ServerGamePacketListenerImpl/]: Swellow (vehicle of Saban0_misoni) moved too quickly! -3.1440053896312747,-7.64399999999992,8.840176551992272
[2912月2024 01:03:40.840] [Server thread/WARN] [net.minecraft.server.network.ServerGamePacketListenerImpl/]: Swellow (vehicle of Saban0_misoni) moved too quickly! -3.337413978557379,-7.937999999999917,9.164098120663084
[2912月2024 01:03:40.841] [Server thread/WARN] [net.minecraft.server.network.ServerGamePacketListenerImpl/]: Swellow (vehicle of Saban0_misoni) moved too quickly! -3.5365831127946876,-8.231999999999914,9.486410285746842
[2912月2024 01:03:40.841] [Server thread/WARN] [net.minecraft.server.network.ServerGamePacketListenerImpl/]: Swellow (vehicle of Saban0_misoni) moved too quickly! -3.7407063160007965,-8.525999999999911,9.807338363745885
[2912月2024 01:03:40.842] [Server thread/WARN] [net.minecraft.server.network.ServerGamePacketListenerImpl/]: Swellow (vehicle of Saban0_misoni) moved too quickly! -3.9405385217269213,-8.819999999999908,10.115685601871292
[2912月2024 01:03:40.843] [Server thread/WARN] [net.minecraft.server.network.ServerGamePacketListenerImpl/]: Swellow (vehicle of Saban0_misoni) moved too quickly! -4.134286050491937,-9.113999999999905,10.41002397067723
[2912月2024 01:03:44.513] [Server thread/WARN] [net.minecraft.world.level.chunk.LevelChunk/]: Tried to load a block entity for block Block{cobblemon:pc}[facing=east,on=false,part=top,waterlogged=false] but failed at location BlockPos{x=-8771, y=64, z=-945}
[2912月2024 01:03:44.927] [Server thread/INFO] [com.selfdot.cobblemontrainers.libs.io.JsonFile/]: Saved trainers/timesLastBattled.json
[2912月2024 01:03:56.537] [Server thread/WARN] [net.minecraft.server.network.ServerGamePacketListenerImpl/]: Saban0_misoni moved wrongly!
[2912月2024 01:04:14.571] [Server thread/INFO] [com.selfdot.cobblemontrainers.libs.io.JsonFile/]: Saved trainers/timesLastBattled.json
[2912月2024 01:06:47.824] [Server thread/INFO] [com.selfdot.cobblemontrainers.libs.io.JsonFile/]: Saved trainers/trainerWins.json
[2912月2024 01:09:56.732] [Server thread/INFO] [net.minecraft.server.network.ServerGamePacketListenerImpl/]: Saban0_misoni lost connection: Disconnected
[2912月2024 01:09:56.732] [Server thread/INFO] [net.minecraft.server.MinecraftServer/]: Saban0_misoni left the game
[2912月2024 01:10:01.701] [User Authenticator #8/INFO] [net.minecraft.server.network.ServerLoginPacketListenerImpl/]: UUID of player Saban0_misoni is d426a612-90c1-4154-9aaa-d1e3168eb0cc
[2912月2024 01:10:05.557] [Server thread/INFO] [net.minecraft.server.players.PlayerList/]: Saban0_misoni[/114.172.199.17:1260] logged in with entity id 53783 at (-8550.680992165435, 73.0, -968.8968034102243)
[2912月2024 01:10:05.639] [Server thread/INFO] [net.minecraft.server.MinecraftServer/]: Saban0_misoni joined the game
[2912月2024 01:10:05.670] [Server thread/INFO] [Jade/]: Syncing config to Saban0_misoni (d426a612-90c1-4154-9aaa-d1e3168eb0cc)
[2912月2024 01:10:25.127] [Server thread/INFO] [net.minecraft.server.network.ServerGamePacketListenerImpl/]: Saban0_misoni lost connection: Disconnected
[2912月2024 01:10:25.127] [Server thread/INFO] [net.minecraft.server.MinecraftServer/]: Saban0_misoni left the game
[2912月2024 01:11:45.290] [User Authenticator #9/INFO] [net.minecraft.server.network.ServerLoginPacketListenerImpl/]: UUID of player Saban0_misoni is d426a612-90c1-4154-9aaa-d1e3168eb0cc
[2912月2024 01:11:49.281] [Server thread/INFO] [net.minecraft.server.players.PlayerList/]: Saban0_misoni[/114.172.199.17:1254] logged in with entity id 54455 at (-8550.680992165435, 73.0, -968.8968034102243)
[2912月2024 01:11:49.315] [Server thread/INFO] [net.minecraft.server.MinecraftServer/]: Saban0_misoni joined the game
[2912月2024 01:11:49.335] [Server thread/INFO] [Jade/]: Syncing config to Saban0_misoni (d426a612-90c1-4154-9aaa-d1e3168eb0cc)
[2912月2024 01:12:55.155] [Server thread/INFO] [Cobbledex/]: No serializer found for com.arcaryx.cobblemonintegrations.enhancedcelestials.LunarEventRequirement@42aa2917
[2912月2024 01:12:55.155] [Server thread/INFO] [Cobbledex/]: No serializer found for com.arcaryx.cobblemonintegrations.enhancedcelestials.LunarEventRequirement@52f88743
[2912月2024 01:12:55.155] [Server thread/INFO] [Cobbledex/]: No serializer found for com.arcaryx.cobblemonintegrations.enhancedcelestials.LunarEventRequirement@1816fc0b
[2912月2024 01:15:08.987] [Server thread/WARN] [net.minecraft.server.network.ServerGamePacketListenerImpl/]: Saban0_misoni moved too quickly! 8752.314112701522,-5.5,720.2623664652327
[2912月2024 01:17:16.322] [Server thread/INFO] [net.minecraft.server.network.ServerGamePacketListenerImpl/]: Saban0_misoni lost connection: Disconnected
[2912月2024 01:17:16.323] [Server thread/INFO] [net.minecraft.server.MinecraftServer/]: Saban0_misoni left the game
[2912月2024 01:18:45.600] [Server thread/INFO] [com.selfdot.cobblemontrainers.libs.io.JsonFile/]: Saved trainers/timesLastBattled.json
[2912月2024 01:19:39.623] [Server thread/INFO] [com.selfdot.cobblemontrainers.libs.io.JsonFile/]: Saved trainers/trainerWins.json
[2912月2024 01:20:06.332] [Server thread/INFO] [com.selfdot.cobblemontrainers.libs.io.JsonFile/]: Saved trainers/timesLastBattled.json
[2912月2024 01:21:33.423] [Server thread/INFO] [com.selfdot.cobblemontrainers.libs.io.JsonFile/]: Saved trainers/trainerWins.json
[2912月2024 01:24:03.475] [Server thread/INFO] [net.minecraft.server.network.ServerGamePacketListenerImpl/]: ice6458 lost connection: Disconnected
[2912月2024 01:24:03.475] [Server thread/INFO] [net.minecraft.server.MinecraftServer/]: ice6458 left the game
[2912月2024 01:26:43.268] [Server thread/INFO] [com.selfdot.cobblemontrainers.libs.io.JsonFile/]: Saved trainers/timesLastBattled.json
[2912月2024 01:27:08.067] [Server thread/INFO] [com.selfdot.cobblemontrainers.libs.io.JsonFile/]: Saved trainers/trainerWins.json
[2912月2024 01:28:19.862] [Server thread/INFO] [com.selfdot.cobblemontrainers.libs.io.JsonFile/]: Saved trainers/timesLastBattled.json
[2912月2024 01:31:12.011] [Server thread/INFO] [com.selfdot.cobblemontrainers.libs.io.JsonFile/]: Saved trainers/timesLastBattled.json
[2912月2024 01:32:10.066] [Server thread/INFO] [com.selfdot.cobblemontrainers.libs.io.JsonFile/]: Saved trainers/trainerWins.json
[2912月2024 01:32:36.215] [Server thread/INFO] [com.cobblemon.mod.common.Cobblemon/]: No battle could be found with the id: 66ff9b67-4ef3-41c3-94c2-3f4aadead46b
[2912月2024 01:32:36.215] [Server thread/INFO] [com.cobblemon.mod.common.Cobblemon/]: No battle could be found with the id: 66ff9b67-4ef3-41c3-94c2-3f4aadead46b
[2912月2024 01:34:12.065] [Server thread/INFO] [com.cobblemon.mod.common.Cobblemon/]: No battle could be found with the id: 0125d765-306b-43ba-9550-d62012f6cadc
[2912月2024 01:34:12.066] [Server thread/INFO] [com.cobblemon.mod.common.Cobblemon/]: No battle could be found with the id: 0125d765-306b-43ba-9550-d62012f6cadc
[2912月2024 01:36:15.914] [Server thread/INFO] [net.minecraft.world.entity.npc.Villager/]: Villager Villager['Unemployed'/439, l='ServerLevel[world]', x=164.50, y=64.00, z=-222.70] died, message: 'Unemployed was slain by Zombie'
[2912月2024 01:37:45.261] [Server thread/INFO] [net.minecraft.world.entity.npc.Villager/]: Villager Villager['Leatherworker'/95, l='ServerLevel[world]', x=219.30, y=65.00, z=-195.70] died, message: 'Leatherworker was slain by Zombie'
[2912月2024 01:38:42.966] [Server thread/INFO] [com.cobblemon.mod.common.Cobblemon/]: No battle could be found with the id: b5f992a0-bc40-4c4d-bbaf-0ec40c2a3780
[2912月2024 01:38:42.966] [Server thread/INFO] [com.cobblemon.mod.common.Cobblemon/]: No battle could be found with the id: b5f992a0-bc40-4c4d-bbaf-0ec40c2a3780
[2912月2024 01:42:50.116] [Server thread/INFO] [com.cobblemon.mod.common.Cobblemon/]: No battle could be found with the id: e110fc5e-ebeb-4dd3-be36-f99013d6e99f
[2912月2024 01:42:50.116] [Server thread/INFO] [com.cobblemon.mod.common.Cobblemon/]: No battle could be found with the id: e110fc5e-ebeb-4dd3-be36-f99013d6e99f
[2912月2024 01:45:40.966] [Server thread/INFO] [com.cobblemon.mod.common.Cobblemon/]: No battle could be found with the id: 5fc6fc1f-4ea4-434b-ac44-d2bcf4fc7a6f
[2912月2024 01:45:40.966] [Server thread/INFO] [com.cobblemon.mod.common.Cobblemon/]: No battle could be found with the id: 5fc6fc1f-4ea4-434b-ac44-d2bcf4fc7a6f
[2912月2024 02:16:33.715] [Server thread/INFO] [com.cobblemon.mod.common.Cobblemon/]: No battle could be found with the id: 8daf60bf-59d6-4aeb-8642-7d6403e55083
[2912月2024 02:16:33.715] [Server thread/INFO] [com.cobblemon.mod.common.Cobblemon/]: No battle could be found with the id: 8daf60bf-59d6-4aeb-8642-7d6403e55083
[2912月2024 02:22:16.516] [Server thread/INFO] [com.cobblemon.mod.common.Cobblemon/]: No battle could be found with the id: dc5c9fce-04a7-47df-9515-bcb1fe00afb7
[2912月2024 02:22:16.516] [Server thread/INFO] [com.cobblemon.mod.common.Cobblemon/]: No battle could be found with the id: dc5c9fce-04a7-47df-9515-bcb1fe00afb7
[2912月2024 02:26:34.766] [Server thread/INFO] [net.minecraft.world.entity.npc.Villager/]: Villager Villager['Toolsmith'/28700, l='ServerLevel[world]', x=195.70, y=65.00, z=-199.50] died, message: 'Toolsmith was slain by Zombie'
[2912月2024 02:33:55.417] [Server thread/INFO] [net.minecraft.server.MinecraftServer/]: Harere_ has reached the goal [An Unexpected Result]
[2912月2024 02:36:13.352] [Server thread/INFO] [com.selfdot.cobblemontrainers.libs.io.JsonFile/]: Saved trainers/timesLastBattled.json
[2912月2024 03:06:47.286] [Server thread/INFO] [net.minecraft.server.MinecraftServer/]: [Harere_: Stopping the server]
[2912月2024 03:06:47.310] [Server thread/INFO] [net.minecraft.server.MinecraftServer/]: Stopping server
[2912月2024 03:06:47.312] [Server thread/INFO] [net.minecraft.server.MinecraftServer/]: Saving players
[2912月2024 03:06:47.324] [Server thread/INFO] [net.minecraft.server.MinecraftServer/]: Saving worlds
[2912月2024 03:06:47.453] [Server thread/INFO] [net.minecraft.server.MinecraftServer/]: Saving chunks for level 'ServerLevel[world]'/minecraft:overworld
[2912月2024 03:06:47.576] [Server thread/INFO] [net.minecraft.server.MinecraftServer/]: Saving chunks for level 'ServerLevel[world]'/cobgyms:cobgyms_dim
[2912月2024 03:06:47.578] [Server thread/INFO] [net.minecraft.server.MinecraftServer/]: Saving chunks for level 'ServerLevel[world]'/twilightforest:twilight_forest
[2912月2024 03:06:47.578] [Server thread/INFO] [net.minecraft.server.MinecraftServer/]: Saving chunks for level 'ServerLevel[world]'/minecraft:the_end
[2912月2024 03:06:47.579] [Server thread/INFO] [net.minecraft.server.MinecraftServer/]: Saving chunks for level 'ServerLevel[world]'/minecraft:the_nether
[2912月2024 03:06:47.607] [Server thread/INFO] [net.minecraft.server.MinecraftServer/]: ThreadedAnvilChunkStorage (world): All chunks are saved
[2912月2024 03:06:47.608] [Server thread/INFO] [net.minecraft.server.MinecraftServer/]: ThreadedAnvilChunkStorage (cobgyms_dim): All chunks are saved
[2912月2024 03:06:47.608] [Server thread/INFO] [net.minecraft.server.MinecraftServer/]: ThreadedAnvilChunkStorage (twilight_forest): All chunks are saved
[2912月2024 03:06:47.608] [Server thread/INFO] [net.minecraft.server.MinecraftServer/]: ThreadedAnvilChunkStorage (DIM1): All chunks are saved
[2912月2024 03:06:47.608] [Server thread/INFO] [net.minecraft.server.MinecraftServer/]: ThreadedAnvilChunkStorage (DIM-1): All chunks are saved
[2912月2024 03:06:47.608] [Server thread/INFO] [net.minecraft.server.MinecraftServer/]: ThreadedAnvilChunkStorage: All dimensions are saved
[2912月2024 03:06:47.834] [Server thread/INFO] [journeymap/]: Loading JourneyMap Forge Configs
